-------------------------------------------------------------------------------
Test set: com.leecottrell.FrameTest
-------------------------------------------------------------------------------
Tests run: 7, Failures: 1, Errors: 0, Skipped: 0, Time elapsed: 0.683 s <<< FAILURE! - in com.leecottrell.FrameTest
EqualIsGoodWithHighBet(com.leecottrell.FrameTest)  Time elapsed: 0.038 s  <<< FAILURE!
org.junit.ComparisonFailure: expected:<[Goo]d> but was:<[Ba]d>
	at com.leecottrell.FrameTest.EqualIsGoodWithHighBet(FrameTest.java:105)

