-------------------------------------------------------------------------------
Test set: com.leecottrell.FrameTest
-------------------------------------------------------------------------------
Tests run: 1, Failures: 1, Errors: 0, Skipped: 0, Time elapsed: 0.267 s <<< FAILURE! - in com.leecottrell.FrameTest
FrameIsVisible(com.leecottrell.FrameTest)  Time elapsed: 0.015 s  <<< FAILURE!
java.lang.AssertionError
	at com.leecottrell.FrameTest.FrameIsVisible(FrameTest.java:30)

