<?xml version="1.0" encoding="UTF-8"?>
<testsuite xmlns:xsi="http://www.w3.org/2001/XMLSchema-instance" xsi:noNamespaceSchemaLocation="https://maven.apache.org/surefire/maven-surefire-plugin/xsd/surefire-test-report.xsd" name="com.leecottrell.FrameTest" time="0.267" tests="1" errors="0" skipped="0" failures="1">
  <properties>
[...]
</properties>
  <testcase name="FrameIsVisible" classname="com.leecottrell.FrameTest" time="0.015">
    <failure type="java.lang.AssertionError">java.lang.AssertionError
	at com.leecottrell.FrameTest.FrameIsVisible(FrameTest.java:30)
</failure>
  </testcase>
</testsuite>