-------------------------------------------------------------------------------
Test set: com.leecottrell.AppTest
-------------------------------------------------------------------------------
Tests run: 1, Failures: 1, Errors: 0, Skipped: 0, Time elapsed: 0.056 s <<< FAILURE! - in com.leecottrell.AppTest
testAddEm(com.leecottrell.AppTest)  Time elapsed: 0.017 s  <<< FAILURE!
java.lang.AssertionError: Function addem expected:<101> but was:<11>
	at com.leecottrell.AppTest.testAddEm(AppTest.java:34)

